<?xml version="1.0" encoding="UTF-8"?>
<testsuite name="Simulación de Préstamo de Libre Inversión" tests="1" skipped="0" failures="0" errors="0" timestamp="2023-05-24T05:22:12" hostname="DESKTOP-3E08M1B" time="17.23">
  <properties/>
  <testcase name="Buscar la seccion de financia lo que sueñas, quieres y necesitas. en la pagina de Bancolombia" classname="Simulación de Préstamo de Libre Inversión" time="17.23"/>
  <system-out><![CDATA[]]></system-out>
  <system-err><![CDATA[May 24, 2023 12:22:12 AM org.openqa.selenium.remote.DesiredCapabilities chrome
INFO: Using `new ChromeOptions()` is preferred to `DesiredCapabilities.chrome()`
Starting ChromeDriver 113.0.5672.63 (0e1a4471d5ae5bf128b1bd8f4d627c8cbd55f70c-refs/branch-heads/5672@{#912}) on port 6345
Only local connections are allowed.
Please see https://chromedriver.chromium.org/security-considerations for suggestions on keeping ChromeDriver safe.
ChromeDriver was started successfully.
May 24, 2023 12:22:13 AM org.openqa.selenium.remote.ProtocolHandshake createSession
INFO: Detected dialect: W3C
[Test worker] INFO net.thucydides.core.steps.ConsoleLoggingListener - 
        __    _____ _____ ____ _____   ____   _    ____  ____  _____ ____  
  _     \ \  |_   _| ____/ ___|_   _| |  _ \ / \  / ___|/ ___|| ____|  _ \ 
 (_)_____| |   | | |  _| \___ \ | |   | |_) / _ \ \___ \\___ \|  _| | | | |
  _|_____| |   | | | |___ ___) || |   |  __/ ___ \ ___) |___) | |___| |_| |
 (_)     | |   |_| |_____|____/ |_|   |_| /_/   \_\____/|____/|_____|____/ 
        /_/                                                                

TEST PASSED: Buscar la seccion de financia lo que sueñas, quieres y necesitas. en la pagina de Bancolombia
----------------------------------------------------------------------------
]]></system-err>
</testsuite>
